[debug] [2023-05-21T07:00:16.075Z] ----------------------------------------------------------------------
[debug] [2023-05-21T07:00:16.080Z] Command:       C:\Program Files\nodejs\node.exe C:\Program Files\nodejs\node_modules\firebase-tools\lib\bin\firebase.js init
[debug] [2023-05-21T07:00:16.081Z] CLI Version:   12.0.0
[debug] [2023-05-21T07:00:16.082Z] Platform:      win32
[debug] [2023-05-21T07:00:16.082Z] Node Version:  v16.20.0
[debug] [2023-05-21T07:00:16.084Z] Time:          Sun May 21 2023 14:00:16 GMT+0700 (Western Indonesia Time)
[debug] [2023-05-21T07:00:16.085Z] ----------------------------------------------------------------------
[debug] 
[debug] [2023-05-21T07:00:16.115Z] >>> [apiv2][query] GET https://firebase-public.firebaseio.com/cli.json [none]
[debug] [2023-05-21T07:00:16.350Z] > command requires scopes: ["email","openid","https://www.googleapis.com/auth/cloudplatformprojects.readonly","https://www.googleapis.com/auth/firebase","https://www.googleapis.com/auth/cloud-platform"]
[debug] [2023-05-21T07:00:16.351Z] > authorizing via signed-in user (jieunssiu@gmail.com)
[info] 
     ######## #### ########  ######## ########     ###     ######  ########
     ##        ##  ##     ## ##       ##     ##  ##   ##  ##       ##
     ######    ##  ########  ######   ########  #########  ######  ######
     ##        ##  ##    ##  ##       ##     ## ##     ##       ## ##
     ##       #### ##     ## ######## ########  ##     ##  ######  ########

You're about to initialize a Firebase project in this directory:

  C:\Users\AVITA\OneDrive\Documents\0. Importir.co\edrus-lms

Before we get started, keep in mind:

  * You are initializing within an existing Firebase project directory

[debug] [2023-05-21T07:00:17.092Z] <<< [apiv2][status] GET https://firebase-public.firebaseio.com/cli.json 200
[debug] [2023-05-21T07:00:17.094Z] <<< [apiv2][body] GET https://firebase-public.firebaseio.com/cli.json {"cloudBuildErrorAfter":1594252800000,"cloudBuildWarnAfter":1590019200000,"defaultNode10After":1594252800000,"minVersion":"3.0.5","node8DeploysDisabledAfter":1613390400000,"node8RuntimeDisabledAfter":1615809600000,"node8WarnAfter":1600128000000}
